<?xml version="1.0" encoding="UTF-8"?>
<!-- Generated by org.testng.reporters.JUnitReportReporter -->
<testsuite skipped="0" hostname="BTT-PC" name="com.testcases.VerifyHomePageTest" tests="4" failures="0" timestamp="19 Dec 2017 10:06:48 GMT" time="83.559" errors="0">
  <testcase name="testHomePage" time="8.640" classname="com.testcases.VerifyHomePageTest"/>
  <testcase name="testSignInLink" time="10.020" classname="com.testcases.VerifyHomePageTest"/>
  <testcase name="testRegisterLink" time="13.474" classname="com.testcases.VerifyHomePageTest"/>
  <testcase name="footerlinksHomepage" time="51.425" classname="com.testcases.VerifyHomePageTest"/>
</testsuite> <!-- com.testcases.VerifyHomePageTest -->
